<?xml version="1.0" encoding="UTF-8"?>
<!-- Generated by org.testng.reporters.JUnitReportReporter -->
<testsuite hostname="ZSFGJ9MBD2T4V3U" name="com.newsapp.apptest.TestZaoBao" tests="1" failures="0" timestamp="20 Oct 2019 13:11:43 GMT" time="24.914" errors="0">
  <testcase name="test" time="24.914" classname="com.newsapp.apptest.TestZaoBao"/>
</testsuite> <!-- com.newsapp.apptest.TestZaoBao -->
